{"numTotalTestSuites":12,"numPassedTestSuites":12,"numFailedTestSuites":0,"numPendingTestSuites":0,"numTotalTests":12,"numPassedTests":12,"numFailedTests":0,"numPendingTests":0,"numTodoTests":0,"snapshot":{"added":0,"failure":false,"filesAdded":0,"filesRemoved":0,"filesRemovedList":[],"filesUnmatched":0,"filesUpdated":0,"matched":0,"total":0,"unchecked":0,"uncheckedKeysByFile":[],"unmatched":0,"updated":0,"didUpdate":false},"startTime":1772965293957,"success":true,"testResults":[{"assertionResults":[{"ancestorTitles":["myfood-api","ApiError"],"fullName":"myfood-api ApiError creates error with status and message","status":"passed","title":"creates error with status and message","duration":1.950917000000004,"failureMessages":[],"meta":{}},{"ancestorTitles":["myfood-api","getBalance"],"fullName":"myfood-api getBalance calls GET /nodes/{id}/balance and returns BalanceResponse","status":"passed","title":"calls GET /nodes/{id}/balance and returns BalanceResponse","duration":2.8798750000000837,"failureMessages":[],"meta":{}},{"ancestorTitles":["myfood-api","getBalance"],"fullName":"myfood-api getBalance throws ApiError on non-ok response","status":"passed","title":"throws ApiError on non-ok response","duration":1.0432910000000675,"failureMessages":[],"meta":{}},{"ancestorTitles":["myfood-api","listRequests"],"fullName":"myfood-api listRequests calls GET /requests with optional node_id","status":"passed","title":"calls GET /requests with optional node_id","duration":1.0567499999999654,"failureMessages":[],"meta":{}},{"ancestorTitles":["myfood-api","listRequests"],"fullName":"myfood-api listRequests calls GET /requests without query when no params","status":"passed","title":"calls GET /requests without query when no params","duration":0.5325000000000273,"failureMessages":[],"meta":{}},{"ancestorTitles":["myfood-api","submitRequest"],"fullName":"myfood-api submitRequest calls POST /requests with body","status":"passed","title":"calls POST /requests with body","duration":0.4118339999999989,"failureMessages":[],"meta":{}},{"ancestorTitles":["myfood-api","getRates"],"fullName":"myfood-api getRates calls GET /rates","status":"passed","title":"calls GET /rates","duration":0.914957999999956,"failureMessages":[],"meta":{}},{"ancestorTitles":["myfood-api","getDeliveryCost"],"fullName":"myfood-api getDeliveryCost calls GET /rates/cost with query params","status":"passed","title":"calls GET /rates/cost with query params","duration":0.20916599999998198,"failureMessages":[],"meta":{}},{"ancestorTitles":["myfood-api","getCrops"],"fullName":"myfood-api getCrops calls GET /crops","status":"passed","title":"calls GET /crops","duration":0.8518339999999398,"failureMessages":[],"meta":{}},{"ancestorTitles":["myfood-api","getHubs"],"fullName":"myfood-api getHubs calls GET /hubs","status":"passed","title":"calls GET /hubs","duration":0.973459000000048,"failureMessages":[],"meta":{}}],"startTime":1772965294991,"endTime":1772965295001.9734,"status":"passed","message":"","name":"/Users/aarondutta/Desktop/Coding/HackCanada/app/frontend/src/services/myfood-api.test.ts"},{"assertionResults":[{"ancestorTitles":["MyFoodHero"],"fullName":"MyFoodHero renders balance and stat labels","status":"passed","title":"renders balance and stat labels","duration":29.668541000000005,"failureMessages":[],"meta":{}},{"ancestorTitles":["MyFoodHero"],"fullName":"MyFoodHero uses default stats when not provided","status":"passed","title":"uses default stats when not provided","duration":3.9738330000000133,"failureMessages":[],"meta":{}}],"startTime":1772965295064,"endTime":1772965295096.9739,"status":"passed","message":"","name":"/Users/aarondutta/Desktop/Coding/HackCanada/app/frontend/src/components/myfood/MyFoodHero.test.tsx"}]}